Arguments: 
  /usr/local/bin/node /usr/share/yarn/bin/yarn.js

PATH: 
  /home/linuxbrew/.linuxbrew/bin:/home/linuxbrew/.linuxbrew/sbin:/home/linuxbrew/.linuxbrew/bin:/home/linuxbrew/.linuxbrew/sbin:/home/mirdna/.rvm/gems/ruby-2.4.0/bin:/home/mirdna/.rvm/gems/ruby-2.4.0@global/bin:/home/mirdna/.rvm/rubies/ruby-2.4.0/bin:/home/mirdna/bin:/home/mirdna/.local/bin:/home/linuxbrew/.linuxbrew/bin:/home/linuxbrew/.linuxbrew/sbin:/home/mirdna/bin:/home/mirdna/.local/bin:/usr/local/sbin:/usr/local/bin:/usr/sbin:/usr/bin:/sbin:/bin:/usr/games:/usr/local/games:/home/mirdna/.rvm/bin:/home/mirdna/.rvm/bin:/home/mirdna/.rvm/bin:/home/mirdna/.rvm/bin:/home/mirdna/.rvm/bin:/home/mirdna/.rvm/bin

Yarn version: 
  1.3.2

Node version: 
  8.8.1

Platform: 
  linux x64

npm manifest: 
  {
    "main": "node_modules/expo/AppEntry.js",
    "private": true,
    "scripts": {
      "test": "node ./node_modules/jest/bin/jest.js --watchAll"
    },
    "jest": {
      "preset": "jest-expo"
    },
    "dependencies": {
      "@expo/samples": "2.1.1",
      "auth0-js": "^9.3.3",
      "expo": "^25.0.0",
      "react": "16.2.0",
      "react-native": "https://github.com/expo/react-native/archive/sdk-25.0.0.tar.gz",
      "react-native-elements": "^0.19.0",
      "react-native-percentage-circle": "^1.0.6",
      "react-navigation": "^1.5.1"
    },
    "devDependencies": {
      "jest-expo": "^25.1.0"
    }
  }

yarn manifest: 
  No manifest

Lockfile: 
  No lockfile

Trace: 
  Error: EACCES: permission denied, mkdir '/home/mirdna/Desktop/School/eatwell/node_modules/define-property/node_modules/is-accessor-descriptor'
